# JRE version: OpenJDK Runtime Environment (8.0_242-b01) (build 1.8.0_242-release-1644-b01)
# Java VM: OpenJDK 64-Bit Server VM (25.242-b01 mixed mode windows-amd64 compressed oops)
Heap:
 PSYoungGen      total 135168K, used 16438K [0x00000000d5a00000, 0x00000000e0300000, 0x0000000100000000)
  eden space 128512K, 9% used [0x00000000d5a00000,0x00000000d667f048,0x00000000dd780000)
  from space 6656K, 54% used [0x00000000de280000,0x00000000de60e908,0x00000000de900000)
  to   space 11264K, 0% used [0x00000000dd780000,0x00000000dd780000,0x00000000de280000)
 ParOldGen       total 79360K, used 27231K [0x0000000080e00000, 0x0000000085b80000, 0x00000000d5a00000)
  object space 79360K, 34% used [0x0000000080e00000,0x0000000082897fe8,0x0000000085b80000)
 Metaspace       used 37929K, capacity 38420K, committed 38696K, reserved 1081344K
  class space    used 5684K, capacity 5820K, committed 5928K, reserved 1048576K
GC Heap History (10 events):
Event: 9.110 GC heap before
{Heap before GC invocations=20 (full 1):
 PSYoungGen      total 136704K, used 134259K [0x00000000d5a00000, 0x00000000def00000, 0x0000000100000000)
  eden space 130048K, 100% used [0x00000000d5a00000,0x00000000dd900000,0x00000000dd900000)
  from space 6656K, 63% used [0x00000000de280000,0x00000000de69cf00,0x00000000de900000)
  to   space 9728K, 0% used [0x00000000dd900000,0x00000000dd900000,0x00000000de280000)
 ParOldGen       total 79360K, used 28902K [0x0000000080e00000, 0x0000000085b80000, 0x00000000d5a00000)
  object space 79360K, 36% used [0x0000000080e00000,0x0000000082a39848,0x0000000085b80000)
 Metaspace       used 32938K, capacity 33342K, committed 33792K, reserved 1077248K
  class space    used 4866K, capacity 5011K, committed 5120K, reserved 1048576K
Event: 9.115 GC heap after
Heap after GC invocations=20 (full 1):
 PSYoungGen      total 139776K, used 2481K [0x00000000d5a00000, 0x00000000def00000, 0x0000000100000000)
  eden space 130048K, 0% used [0x00000000d5a00000,0x00000000d5a00000,0x00000000dd900000)
  from space 9728K, 25% used [0x00000000dd900000,0x00000000ddb6c710,0x00000000de280000)
  to   space 6656K, 0% used [0x00000000de280000,0x00000000de280000,0x00000000de900000)
 ParOldGen       total 79360K, used 28910K [0x0000000080e00000, 0x0000000085b80000, 0x00000000d5a00000)
  object space 79360K, 36% used [0x0000000080e00000,0x0000000082a3b848,0x0000000085b80000)
 Metaspace       used 32938K, capacity 33342K, committed 33792K, reserved 1077248K
  class space    used 4866K, capacity 5011K, committed 5120K, reserved 1048576K
}
Event: 9.650 GC heap before
{Heap before GC invocations=21 (full 1):
 PSYoungGen      total 139776K, used 101199K [0x00000000d5a00000, 0x00000000def00000, 0x0000000100000000)
  eden space 130048K, 75% used [0x00000000d5a00000,0x00000000dba67898,0x00000000dd900000)
  from space 9728K, 25% used [0x00000000dd900000,0x00000000ddb6c710,0x00000000de280000)
  to   space 6656K, 0% used [0x00000000de280000,0x00000000de280000,0x00000000de900000)
 ParOldGen       total 79360K, used 28910K [0x0000000080e00000, 0x0000000085b80000, 0x00000000d5a00000)
  object space 79360K, 36% used [0x0000000080e00000,0x0000000082a3b848,0x0000000085b80000)
 Metaspace       used 34922K, capacity 35326K, committed 35496K, reserved 1079296K
  class space    used 5147K, capacity 5267K, committed 5288K, reserved 1048576K
Event: 9.652 GC heap after
Heap after GC invocations=21 (full 1):
 PSYoungGen      total 136704K, used 3548K [0x00000000d5a00000, 0x00000000def00000, 0x0000000100000000)
  eden space 130048K, 0% used [0x00000000d5a00000,0x00000000d5a00000,0x00000000dd900000)
  from space 6656K, 53% used [0x00000000de280000,0x00000000de5f7368,0x00000000de900000)
  to   space 9728K, 0% used [0x00000000dd900000,0x00000000dd900000,0x00000000de280000)
 ParOldGen       total 79360K, used 29150K [0x0000000080e00000, 0x0000000085b80000, 0x00000000d5a00000)
  object space 79360K, 36% used [0x0000000080e00000,0x0000000082a77858,0x0000000085b80000)
 Metaspace       used 34922K, capacity 35326K, committed 35496K, reserved 1079296K
  class space    used 5147K, capacity 5267K, committed 5288K, reserved 1048576K
}
Event: 9.652 GC heap before
{Heap before GC invocations=22 (full 2):
 PSYoungGen      total 136704K, used 3548K [0x00000000d5a00000, 0x00000000def00000, 0x0000000100000000)
  eden space 130048K, 0% used [0x00000000d5a00000,0x00000000d5a00000,0x00000000dd900000)
  from space 6656K, 53% used [0x00000000de280000,0x00000000de5f7368,0x00000000de900000)
  to   space 9728K, 0% used [0x00000000dd900000,0x00000000dd900000,0x00000000de280000)
 ParOldGen       total 79360K, used 29150K [0x0000000080e00000, 0x0000000085b80000, 0x00000000d5a00000)
  object space 79360K, 36% used [0x0000000080e00000,0x0000000082a77858,0x0000000085b80000)
 Metaspace       used 34922K, capacity 35326K, committed 35496K, reserved 1079296K
  class space    used 5147K, capacity 5267K, committed 5288K, reserved 1048576K
Event: 9.688 GC heap after
Heap after GC invocations=22 (full 2):
 PSYoungGen      total 136704K, used 0K [0x00000000d5a00000, 0x00000000def00000, 0x0000000100000000)
  eden space 130048K, 0% used [0x00000000d5a00000,0x00000000d5a00000,0x00000000dd900000)
  from space 6656K, 0% used [0x00000000de280000,0x00000000de280000,0x00000000de900000)
  to   space 9728K, 0% used [0x00000000dd900000,0x00000000dd900000,0x00000000de280000)
 ParOldGen       total 79360K, used 27215K [0x0000000080e00000, 0x0000000085b80000, 0x00000000d5a00000)
  object space 79360K, 34% used [0x0000000080e00000,0x0000000082893fe8,0x0000000085b80000)
 Metaspace       used 34900K, capacity 35290K, committed 35496K, reserved 1079296K
  class space    used 5144K, capacity 5261K, committed 5288K, reserved 1048576K
}
Event: 10.099 GC heap before
{Heap before GC invocations=23 (full 2):
 PSYoungGen      total 136704K, used 130048K [0x00000000d5a00000, 0x00000000def00000, 0x0000000100000000)
  eden space 130048K, 100% used [0x00000000d5a00000,0x00000000dd900000,0x00000000dd900000)
  from space 6656K, 0% used [0x00000000de280000,0x00000000de280000,0x00000000de900000)
  to   space 9728K, 0% used [0x00000000dd900000,0x00000000dd900000,0x00000000de280000)
 ParOldGen       total 79360K, used 27215K [0x0000000080e00000, 0x0000000085b80000, 0x00000000d5a00000)
  object space 79360K, 34% used [0x0000000080e00000,0x0000000082893fe8,0x0000000085b80000)
 Metaspace       used 36318K, capacity 36786K, committed 37160K, reserved 1081344K
  class space    used 5464K, capacity 5585K, committed 5672K, reserved 1048576K
Event: 10.101 GC heap after
Heap after GC invocations=23 (full 2):
 PSYoungGen      total 139776K, used 2308K [0x00000000d5a00000, 0x00000000def00000, 0x0000000100000000)
  eden space 130048K, 0% used [0x00000000d5a00000,0x00000000d5a00000,0x00000000dd900000)
  from space 9728K, 23% used [0x00000000dd900000,0x00000000ddb413f8,0x00000000de280000)
  to   space 6656K, 0% used [0x00000000de280000,0x00000000de280000,0x00000000de900000)
 ParOldGen       total 79360K, used 27223K [0x0000000080e00000, 0x0000000085b80000, 0x00000000d5a00000)
  object space 79360K, 34% used [0x0000000080e00000,0x0000000082895fe8,0x0000000085b80000)
 Metaspace       used 36318K, capacity 36786K, committed 37160K, reserved 1081344K
  class space    used 5464K, capacity 5585K, committed 5672K, reserved 1048576K
}
Event: 10.588 GC heap before
{Heap before GC invocations=24 (full 2):
 PSYoungGen      total 139776K, used 132356K [0x00000000d5a00000, 0x00000000def00000, 0x0000000100000000)
  eden space 130048K, 100% used [0x00000000d5a00000,0x00000000dd900000,0x00000000dd900000)
  from space 9728K, 23% used [0x00000000dd900000,0x00000000ddb413f8,0x00000000de280000)
  to   space 6656K, 0% used [0x00000000de280000,0x00000000de280000,0x00000000de900000)
 ParOldGen       total 79360K, used 27223K [0x0000000080e00000, 0x0000000085b80000, 0x00000000d5a00000)
  object space 79360K, 34% used [0x0000000080e00000,0x0000000082895fe8,0x0000000085b80000)
 Metaspace       used 37806K, capacity 38292K, committed 38696K, reserved 1081344K
  class space    used 5683K, capacity 5820K, committed 5928K, reserved 1048576K
Event: 10.590 GC heap after
Heap after GC invocations=24 (full 2):
 PSYoungGen      total 135168K, used 3642K [0x00000000d5a00000, 0x00000000e0300000, 0x0000000100000000)
  eden space 128512K, 0% used [0x00000000d5a00000,0x00000000d5a00000,0x00000000dd780000)
  from space 6656K, 54% used [0x00000000de280000,0x00000000de60e908,0x00000000de900000)
  to   space 11264K, 0% used [0x00000000dd780000,0x00000000dd780000,0x00000000de280000)
 ParOldGen       total 79360K, used 27231K [0x0000000080e00000, 0x0000000085b80000, 0x00000000d5a00000)
  object space 79360K, 34% used [0x0000000080e00000,0x0000000082897fe8,0x0000000085b80000)
 Metaspace       used 37806K, capacity 38292K, committed 38696K, reserved 1081344K
  class space    used 5683K, capacity 5820K, committed 5928K, reserved 1048576K
}

